<?xml version="1.0" encoding="UTF-8"?>
<testsuite xmlns:xsi="http://www.w3.org/2001/XMLSchema-instance" xsi:noNamespaceSchemaLocation="https://maven.apache.org/surefire/maven-surefire-plugin/xsd/surefire-test-report-3.0.xsd" version="3.0" name="com.demo.runners.TestRunner" time="3.964" tests="1" errors="0" skipped="0" failures="1">
  <properties>
[...]
</properties>
  <testcase name="Validate successful user login API response" classname="User Login API" time="3.133">
    <failure message="expected: java.lang.String&lt;200&gt; but was: java.lang.Integer&lt;200&gt;" type="java.lang.AssertionError"><![CDATA[java.lang.AssertionError: expected: java.lang.String<200> but was: java.lang.Integer<200>
	at org.junit.Assert.fail(Assert.java:89)
	at org.junit.Assert.failNotEquals(Assert.java:835)
	at org.junit.Assert.assertEquals(Assert.java:120)
	at org.junit.Assert.assertEquals(Assert.java:146)
	at com.demo.stepDefinitions.LoginAPISteps.api_response_status_code_should_be(LoginAPISteps.java:38)
	at ✽.API response status code should be "200"(file:///D:/Rajesh/workspace/SeleniumCucumberFramework/src/test/resources/features/LoginApis.feature:8)
]]></failure>
    <system-out><![CDATA[
@LoginAPI @Login_api
Scenario: Validate successful user login API response   # src/test/resources/features/LoginApis.feature:5
  Given API endpoint is "https://reqres.in/api/login"   # com.demo.stepDefinitions.LoginAPISteps.api_endpoint_is(java.lang.String)
  When User sends a POST request with valid credentials # com.demo.stepDefinitions.LoginAPISteps.user_sends_a_post_request_with_valid_credentials()
  Then API response status code should be "200"         # com.demo.stepDefinitions.LoginAPISteps.api_response_status_code_should_be(java.lang.String)
      java.lang.AssertionError: expected: java.lang.String<200> but was: java.lang.Integer<200>
	at org.junit.Assert.fail(Assert.java:89)
	at org.junit.Assert.failNotEquals(Assert.java:835)
	at org.junit.Assert.assertEquals(Assert.java:120)
	at org.junit.Assert.assertEquals(Assert.java:146)
	at com.demo.stepDefinitions.LoginAPISteps.api_response_status_code_should_be(LoginAPISteps.java:38)
	at ✽.API response status code should be "200"(file:///D:/Rajesh/workspace/SeleniumCucumberFramework/src/test/resources/features/LoginApis.feature:8)

  And API response should contain token                 # com.demo.stepDefinitions.LoginAPISteps.api_response_should_contain_token()
]]></system-out>
    <system-err><![CDATA[SLF4J: No SLF4J providers were found.
SLF4J: Defaulting to no-operation (NOP) logger implementation
SLF4J: See https://www.slf4j.org/codes.html#noProviders for further details.
]]></system-err>
  </testcase>
</testsuite>