<?xml version="1.0" encoding="UTF-8"?>
<testsuite xmlns:xsi="http://www.w3.org/2001/XMLSchema-instance" xsi:noNamespaceSchemaLocation="https://maven.apache.org/surefire/maven-surefire-plugin/xsd/surefire-test-report-3.0.xsd" version="3.0" name="com.demo.runners.TestRunner" time="63.251" tests="2" errors="0" skipped="0" failures="0">
  <properties>
[...]
</properties>
  <testcase name="Login with valid credentials" classname="Login feature" time="55.762">
    <system-out><![CDATA[
@Login @LoginWithValidCredientials
Scenario: Login with valid credentials                                     # src/test/resources/features/Login.feature:6
  Given I open the browser                                                 # com.demo.stepDefinitions.LoginSteps.i_open_the_browser()
  When I enter username "rajesh.rgr28@gmail.com" and password "Rachana.78" # com.demo.stepDefinitions.LoginSteps.i_enter_username_and_password(java.lang.String,java.lang.String)
  And I click on login button                                              # com.demo.stepDefinitions.LoginSteps.i_click_on_login_button()
Login Successful!
  Then I should see the dashboard                                          # com.demo.stepDefinitions.LoginSteps.i_should_see_the_dashboard()
]]></system-out>
    <system-err><![CDATA[SLF4J: No SLF4J providers were found.
SLF4J: Defaulting to no-operation (NOP) logger implementation
SLF4J: See https://www.slf4j.org/codes.html#noProviders for further details.
Feb 07, 2025 5:53:32 PM org.openqa.selenium.devtools.CdpVersionFinder findNearestMatch
WARNING: Unable to find CDP implementation matching 132
Feb 07, 2025 5:53:32 PM org.openqa.selenium.chromium.ChromiumDriver lambda$new$5
WARNING: Unable to find version of CDP to use for 132.0.6834.160. You may need to include a dependency on a specific version of the CDP using something similar to `org.seleniumhq.selenium:selenium-devtools-v86:4.15.0` where the version ("v86") matches the version of the chromium-based browser you're using and the version number of the artifact is the same as Selenium's.
]]></system-err>
  </testcase>
  <testcase name="Validate successful user login API response" classname="User Login API" time="5.338">
    <system-out><![CDATA[
@LoginAPI @Login_api
Scenario: Validate successful user login API response   # src/test/resources/features/LoginApis.feature:5
  Given API endpoint is "https://reqres.in/api/login"   # com.demo.stepDefinitions.LoginAPISteps.api_endpoint_is(java.lang.String)
  When User sends a POST request with valid credentials # com.demo.stepDefinitions.LoginAPISteps.user_sends_a_post_request_with_valid_credentials()
  Then API response status code should be 200           # com.demo.stepDefinitions.LoginAPISteps.api_response_status_code_should_be(int)
Login Token: QpwL5tke4Pnpja7X4
  And API response should contain token                 # com.demo.stepDefinitions.LoginAPISteps.api_response_should_contain_token()
]]></system-out>
  </testcase>
</testsuite>